Removed Pin From Net: NetName=GND Pin=MH3-0
Removed Pin From Net: NetName=GND Pin=MH3-0
Removed Pin From Net: NetName=GND Pin=MH3-0
Removed Pin From Net: NetName=GND Pin=MH3-0
Removed Pin From Net: NetName=GND Pin=MH3-0
Removed Pin From Net: NetName=GND Pin=MH3-0
Removed Pin From Net: NetName=GND Pin=MH3-0
Removed Pin From Net: NetName=GND Pin=MH3-0
Removed Pin From Net: NetName=GND Pin=MH3-00
Added Component: Designator=MH1(MOUNTING HOLE 3MM)
Add component. Clean all parameters for all variants
Added Component: Designator=TP1(OTHER_SMD_TP_1.5MM)
Add component. Clean all parameters for all variants
Added Component: Designator=TP2(OTHER_SMD_TP_1.5MM)
Add component. Clean all parameters for all variants
Added Component: Designator=TP3(OTHER_SMD_TP_1.5MM)
Add component. Clean all parameters for all variants
Added Component: Designator=TP4(OTHER_SMD_TP_1.5MM)
Add component. Clean all parameters for all variants
Added Component: Designator=TP5(OTHER_SMD_TP_1.5MM)
Add component. Clean all parameters for all variants
Added Pin To Net: NetName=+12 Pin=TP1-1
Added Pin To Net: NetName=NetQ2_1 Pin=TP2-1
Added Pin To Net: NetName=LED P Pin=TP3-1
Added Pin To Net: NetName=ENABLE IN Pin=TP4-1
Added Pin To Net: NetName=PWM IN Pin=TP5-1
Added Member To Class: ClassName=Master Member=Component TP1 PWR_IN
Added Member To Class: ClassName=Master Member=Component TP2 PWR_PWM
Added Member To Class: ClassName=Master Member=Component TP3 V_OUT
Added Member To Class: ClassName=Master Member=Component TP4 ENABLE_IN
Added Member To Class: ClassName=Master Member=Component TP5 PWM_IN
Added Member To Class: ClassName=Master Member=Component U1 TPS61196PWPT(R)
