Removed Pin From Net: NetName=NetF2_2 Pin=XP1-7
Removed Pin From Net: NetName=NetF2_2 Pin=XP1-8
Removed Pin From Net: NetName=GND Pin=XP1-13
Removed Pin From Net: NetName=GND Pin=XP1-14
Removed Pin From Net: NetName=GND Pin=XP1-15
Removed Pin From Net: NetName=GND Pin=XP1-16
Removed Pin From Net: NetName=ENABLE IN Pin=XP1-17
Removed Pin From Net: NetName=ENABLE IN Pin=XP1-18
Removed Pin From Net: NetName=PWM IN Pin=XP1-19
Removed Pin From Net: NetName=PWM IN Pin=XP1-20
Removed Pin From Net: NetName=LED P Pin=XP2-5
Removed Pin From Net: NetName=LED P Pin=XP2-6
Removed Pin From Net: NetName=LED P Pin=XP2-7
Removed Pin From Net: NetName=LED P Pin=XP2-8
Removed Pin From Net: NetName=LED P Pin=XP2-9
Removed Pin From Net: NetName=LED P Pin=XP2-10
Removed Pin From Net: NetName=L1 Pin=XP2-11
Removed Pin From Net: NetName=L4 Pin=XP2-12
Removed Pin From Net: NetName=L2 Pin=XP2-13
Removed Pin From Net: NetName=L5 Pin=XP2-14
Removed Pin From Net: NetName=L3 Pin=XP2-15
Removed Pin From Net: NetName=L6 Pin=XP2-16
Change Component Footprint: Designator=XP2 Old Footprint=CONN_PBD-16 New Footprint=CONN_IDC-10
Change Component Footprint: Designator=XP1 Old Footprint=CONN_PBD-20 New Footprint=CONN_PBD-16 RA
Change Component Comment : Designator=F2 Old Comment=2A New Comment=
Change Component Comment : Designator=XP2 Old Comment=PBD-16 New Comment=OUT
Change Component Comment : Designator=XP1 Old Comment=PBD-20 New Comment=IN
Added Pin To Net: NetName=L1 Pin=R21-2
Added Pin To Net: NetName=L1 Pin=U1-12
Added Pin To Net: NetName=GND Pin=XP1-7
Added Pin To Net: NetName=GND Pin=XP1-8
Added Pin To Net: NetName=ENABLE IN Pin=XP1-13
Added Pin To Net: NetName=ENABLE IN Pin=XP1-14
Added Pin To Net: NetName=PWM IN Pin=XP1-15
Added Pin To Net: NetName=PWM IN Pin=XP1-16
Added Pin To Net: NetName=L6 Pin=XP2-5
Added Pin To Net: NetName=L1 Pin=XP2-6
Added Pin To Net: NetName=L5 Pin=XP2-7
Added Pin To Net: NetName=L2 Pin=XP2-8
Added Pin To Net: NetName=L4 Pin=XP2-9
Added Pin To Net: NetName=L3 Pin=XP2-10
Change Net Name : Old Net Name=NetF2_2 New Net Name=PWR
