Removed Pin From Net: NetName=LED P Pin=F1-2
Removed Pin From Net: NetName=L1 Pin=R21-2
Removed Pin From Net: NetName=LED P Pin=TP1-1
Removed Pin From Net: NetName=ENABLE IN Pin=TP2-1
Removed Pin From Net: NetName=PWM IN Pin=TP3-1
Removed Pin From Net: NetName=L1 Pin=TP4-1
Removed Pin From Net: NetName=L2 Pin=TP5-1
Removed Pin From Net: NetName=L3 Pin=TP6-1
Removed Pin From Net: NetName=L4 Pin=TP7-1
Removed Pin From Net: NetName=L5 Pin=TP8-1
Removed Pin From Net: NetName=L6 Pin=TP9-1
Removed Pin From Net: NetName=NetQ2_2 Pin=TP10-1
Removed Pin From Net: NetName=L1 Pin=U1-12
Removed Member From Class: ClassName=Master Member=TP1
Removed Member From Class: ClassName=Master Member=TP2
Removed Member From Class: ClassName=Master Member=TP3
Removed Member From Class: ClassName=Master Member=TP4
Removed Member From Class: ClassName=Master Member=TP5
Removed Member From Class: ClassName=Master Member=TP6
Removed Member From Class: ClassName=Master Member=TP7
Removed Member From Class: ClassName=Master Member=TP8
Removed Member From Class: ClassName=Master Member=TP9
Removed Member From Class: ClassName=Master Member=TP10
Added Pin To Net: NetName=NetR21_2 Pin=R21-2
Added Pin To Net: NetName=NetR21_2 Pin=U1-12
Added Net: Name=NetR21_2
